#
# There is insufficient memory for the Java Runtime Environment to continue.
# Native memory allocation (mmap) failed to map 165675008 bytes for G1 virtual space
# Possible reasons:
#   The system is out of physical RAM or swap space
#   The process is running with CompressedOops enabled, and the Java Heap may be blocking the growth of the native heap
# Possible solutions:
#   Reduce memory load on the system
#   Increase physical memory or swap space
#   Check if swap backing store is full
#   Decrease Java heap size (-Xmx/-Xms)
#   Decrease number of Java threads
#   Decrease Java thread stack sizes (-Xss)
#   Set larger code cache with -XX:ReservedCodeCacheSize=
#   JVM is running with Zero Based Compressed Oops mode in which the Java heap is
#     placed in the first 32GB address space. The Java Heap base address is the
#     maximum limit for the native heap growth. Please use -XX:HeapBaseMinAddress
#     to set the Java Heap base and to place the Java Heap above 32GB virtual address.
# This output file may be truncated or incomplete.
#
#  Out of Memory Error (os_windows.cpp:3466), pid=9696, tid=17336
#
# JRE version:  (16.0.2+7) (build )
# Java VM: Java HotSpot(TM) 64-Bit Server VM (16.0.2+7-67, mixed mode, sharing, tiered, compressed oops, compressed class ptrs, g1 gc, windows-amd64)
# No core dump will be written. Minidumps are not enabled by default on client versions of Windows
#

---------------  S U M M A R Y ------------

Command Line: -XX:+ShowCodeDetailsInExceptionMessages Main

Host: AMD Ryzen 5 4500U with Radeon Graphics         , 6 cores, 9G,  Windows 10 , 64 bit Build 22621 (10.0.22621.3527)
Time: Thu Jun 13 15:21:02 2024 SE Asia Standard Time elapsed time: 0.011268 seconds (0d 0h 0m 0s)

---------------  T H R E A D  ---------------

Current thread (0x000001fbc697f5b0):  JavaThread "Unknown thread" [_thread_in_vm, id=17336, stack(0x000000aef8500000,0x000000aef8600000)]

Stack: [0x000000aef8500000,0x000000aef8600000]
Native frames: (J=compiled Java code, j=interpreted, Vv=VM code, C=native code)
V  [jvm.dll+0x6681ca]
V  [jvm.dll+0x7c9e69]
V  [jvm.dll+0x7cb61e]
V  [jvm.dll+0x7cbc73]
V  [jvm.dll+0x242c55]
V  [jvm.dll+0x664f89]
V  [jvm.dll+0x659b75]
V  [jvm.dll+0x2fbfbb]
V  [jvm.dll+0x3031b6]
V  [jvm.dll+0x35299e]
V  [jvm.dll+0x352bcf]
V  [jvm.dll+0x2d3028]
V  [jvm.dll+0x2d4264]
V  [jvm.dll+0x79c741]
V  [jvm.dll+0x360791]
V  [jvm.dll+0x77a3f0]
V  [jvm.dll+0x3e4e8f]
V  [jvm.dll+0x3e6961]
C  [jli.dll+0x52fb]
C  [ucrtbase.dll+0x29333]
C  [KERNEL32.DLL+0x1257d]
C  [ntdll.dll+0x5aa48]


---------------  P R O C E S S  ---------------

Threads class SMR info:
_java_thread_list=0x00007ff941becbb8, length=0, elements={
}

Java Threads: ( => current thread )

Other Threads:
  0x000001fbc69bb8a0 GCTaskThread "GC Thread#0" [stack: 0x000000aef8600000,0x000000aef8700000] [id=2184]
  0x000001fbc69c76c0 ConcurrentGCThread "G1 Main Marker" [stack: 0x000000aef8700000,0x000000aef8800000] [id=22172]
  0x000001fbc69c8130 ConcurrentGCThread "G1 Conc#0" [stack: 0x000000aef8800000,0x000000aef8900000] [id=3044]

[error occurred during error reporting (printing all threads), id 0xc0000005, EXCEPTION_ACCESS_VIOLATION (0xc0000005) at pc=0x00007ff9413c3ee7]

VM state: not at safepoint (not fully initialized)

VM Mutex/Monitor currently owned by a thread:  ([mutex/lock_event])
[0x000001fbc6754250] Heap_lock - owner thread: 0x000001fbc697f5b0

Heap address: 0x0000000762200000, size: 2526 MB, Compressed Oops mode: Zero based, Oop shift amount: 3

CDS archive(s) mapped at: [0x0000000000000000-0x0000000000000000-0x0000000000000000), size 0, SharedBaseAddress: 0x0000000800000000, ArchiveRelocationMode: 0.
Narrow klass base: 0x0000000000000000, Narrow klass shift: 0, Narrow klass range: 0x0

GC Precious Log:
<Empty>

Heap:
 garbage-first heap   total 0K, used 0K [0x0000000762200000, 0x0000000800000000)
  region size 2048K, 0 young (0K), 0 survivors (0K)

[error occurred during error reporting (printing heap information), id 0xc0000005, EXCEPTION_ACCESS_VIOLATION (0xc0000005) at pc=0x00007ff9417a1eed]

GC Heap History (0 events):
No events

Deoptimization events (0 events):
No events

Classes unloaded (0 events):
No events

Classes redefined (0 events):
No events

Internal exceptions (0 events):
No events

Events (1 events):
Event: 0.006 Loaded shared library C:\Program Files\Java\jdk-16.0.2\bin\java.dll


Dynamic libraries:
0x00007ff7517e0000 - 0x00007ff7517f0000 	C:\Program Files\Java\jdk-16.0.2\bin\java.exe
0x00007ff9b5630000 - 0x00007ff9b5847000 	C:\WINDOWS\SYSTEM32\ntdll.dll
0x00007ff9b4200000 - 0x00007ff9b42c4000 	C:\WINDOWS\System32\KERNEL32.DLL
0x00007ff9b2fb0000 - 0x00007ff9b3357000 	C:\WINDOWS\System32\KERNELBASE.dll
0x00007ff9b2b80000 - 0x00007ff9b2c91000 	C:\WINDOWS\System32\ucrtbase.dll
0x00007ff985830000 - 0x00007ff985849000 	C:\Program Files\Java\jdk-16.0.2\bin\VCRUNTIME140.dll
0x00007ff97f660000 - 0x00007ff97f678000 	C:\Program Files\Java\jdk-16.0.2\bin\jli.dll
0x00007ff9b5390000 - 0x00007ff9b5442000 	C:\WINDOWS\System32\ADVAPI32.dll
0x00007ff9b39a0000 - 0x00007ff9b3a47000 	C:\WINDOWS\System32\msvcrt.dll
0x00007ff9b47c0000 - 0x00007ff9b4868000 	C:\WINDOWS\System32\sechost.dll
0x00007ff9b2e40000 - 0x00007ff9b2e68000 	C:\WINDOWS\System32\bcrypt.dll
0x00007ff9b4320000 - 0x00007ff9b4435000 	C:\WINDOWS\System32\RPCRT4.dll
0x00007ff9b37f0000 - 0x00007ff9b399e000 	C:\WINDOWS\System32\USER32.dll
0x00007ff9b2e10000 - 0x00007ff9b2e36000 	C:\WINDOWS\System32\win32u.dll
0x00007ff997df0000 - 0x00007ff998083000 	C:\WINDOWS\WinSxS\amd64_microsoft.windows.common-controls_6595b64144ccf1df_6.0.22621.3527_none_270e469b73872a76\COMCTL32.dll
0x00007ff9b4870000 - 0x00007ff9b4899000 	C:\WINDOWS\System32\GDI32.dll
0x00007ff9b29c0000 - 0x00007ff9b2ad9000 	C:\WINDOWS\System32\gdi32full.dll
0x00007ff9b2ae0000 - 0x00007ff9b2b7a000 	C:\WINDOWS\System32\msvcp_win.dll
0x00007ff9aabd0000 - 0x00007ff9aabda000 	C:\WINDOWS\SYSTEM32\VERSION.dll
0x00007ff9b4140000 - 0x00007ff9b4171000 	C:\WINDOWS\System32\IMM32.DLL
0x00007ff9abcb0000 - 0x00007ff9abcbc000 	C:\Program Files\Java\jdk-16.0.2\bin\vcruntime140_1.dll
0x00007ff971b80000 - 0x00007ff971c11000 	C:\Program Files\Java\jdk-16.0.2\bin\msvcp140.dll
0x00007ff9410e0000 - 0x00007ff941c8b000 	C:\Program Files\Java\jdk-16.0.2\bin\server\jvm.dll
0x00007ff9b3360000 - 0x00007ff9b3368000 	C:\WINDOWS\System32\PSAPI.DLL
0x00007ff9ab8a0000 - 0x00007ff9ab8d4000 	C:\WINDOWS\SYSTEM32\WINMM.dll
0x00007ff973210000 - 0x00007ff973219000 	C:\WINDOWS\SYSTEM32\WSOCK32.dll
0x00007ff9b4740000 - 0x00007ff9b47b1000 	C:\WINDOWS\System32\WS2_32.dll
0x00007ff9b1910000 - 0x00007ff9b1928000 	C:\WINDOWS\SYSTEM32\kernel.appcore.dll
0x00007ff9a0e30000 - 0x00007ff9a0e3a000 	C:\Program Files\Java\jdk-16.0.2\bin\jimage.dll
0x00007ff9b0340000 - 0x00007ff9b0572000 	C:\WINDOWS\SYSTEM32\DBGHELP.DLL
0x00007ff9b3a50000 - 0x00007ff9b3dd8000 	C:\WINDOWS\System32\combase.dll
0x00007ff9b4a50000 - 0x00007ff9b4b27000 	C:\WINDOWS\System32\OLEAUT32.dll
0x00007ff990d00000 - 0x00007ff990d32000 	C:\WINDOWS\SYSTEM32\dbgcore.DLL
0x00007ff9b2e70000 - 0x00007ff9b2ee9000 	C:\WINDOWS\System32\bcryptPrimitives.dll
0x00007ff97f1f0000 - 0x00007ff97f215000 	C:\Program Files\Java\jdk-16.0.2\bin\java.dll

dbghelp: loaded successfully - version: 4.0.5 - missing functions: none
symbol engine: initialized successfully - sym options: 0x614 - pdb path: .;C:\Program Files\Java\jdk-16.0.2\bin;C:\WINDOWS\SYSTEM32;C:\WINDOWS\WinSxS\amd64_microsoft.windows.common-controls_6595b64144ccf1df_6.0.22621.3527_none_270e469b73872a76;C:\Program Files\Java\jdk-16.0.2\bin\server

VM Arguments:
jvm_args: -XX:+ShowCodeDetailsInExceptionMessages 
java_command: Main
java_class_path (initial): C:\Users\fikar\AppData\Roaming\Code\User\workspaceStorage\01c470621fca88dd2f9d5e81f2f6fbb3\redhat.java\jdt_ws\uas_52eccc77\bin
Launcher Type: SUN_STANDARD

[Global flags]
     intx CICompilerCount                          = 3                                         {product} {ergonomic}
     uint ConcGCThreads                            = 2                                         {product} {ergonomic}
     uint G1ConcRefinementThreads                  = 6                                         {product} {ergonomic}
   size_t G1HeapRegionSize                         = 2097152                                   {product} {ergonomic}
    uintx GCDrainStackTargetSize                   = 64                                        {product} {ergonomic}
   size_t InitialHeapSize                          = 165675008                                 {product} {ergonomic}
   size_t MarkStackSize                            = 4194304                                   {product} {ergonomic}
   size_t MaxHeapSize                              = 2648702976                                {product} {ergonomic}
   size_t MinHeapDeltaBytes                        = 2097152                                   {product} {ergonomic}
   size_t MinHeapSize                              = 8388608                                   {product} {ergonomic}
    uintx NonNMethodCodeHeapSize                   = 5832780                                {pd product} {ergonomic}
    uintx NonProfiledCodeHeapSize                  = 122912730                              {pd product} {ergonomic}
    uintx ProfiledCodeHeapSize                     = 122912730                              {pd product} {ergonomic}
    uintx ReservedCodeCacheSize                    = 251658240                              {pd product} {ergonomic}
     bool SegmentedCodeCache                       = true                                      {product} {ergonomic}
     bool ShowCodeDetailsInExceptionMessages       = true                                   {manageable} {command line}
   size_t SoftMaxHeapSize                          = 2648702976                             {manageable} {ergonomic}
     bool UseCompressedClassPointers               = true                           {product lp64_product} {ergonomic}
     bool UseCompressedOops                        = true                           {product lp64_product} {ergonomic}
     bool UseG1GC                                  = true                                      {product} {ergonomic}
     bool UseLargePagesIndividualAllocation        = false                                  {pd product} {ergonomic}

Logging:
Log output configuration:
 #0: stdout all=warning uptime,level,tags
 #1: stderr all=off uptime,level,tags

Environment Variables:
JAVA_HOME=C:\Program Files\Java\jdk-16.0.2
PATH=C:\Program Files\Common Files\Oracle\Java\javapath;C:\Program Files\Java\jdk-16.0.2\bin;C:\Program Files (x86)\Common Files\Oracle\Java\javapath;C:\WINDOWS\system32;C:\WINDOWS;C:\WINDOWS\System32\Wbem;C:\WINDOWS\System32\WindowsPowerShell\v1.0\;C:\WINDOWS\System32\OpenSSH\;C:\ProgramData\ComposerSetup\bin;C:\Program Files\Git\cmd;C:\Program Files\PuTTY\;C:\Program Files\Go\bin;E:\ProgramFiles\Dart\dart-sdk\bin;C:\Program Files\nodejs\;C:\Users\fikar\AppData\Local\Microsoft\WindowsApps;C:\Users\fikar\AppData\Roaming\Composer\vendor\bin;C:\Users\fikar\AppData\Local\Programs\Microsoft VS Code\bin;C:\Users\fikar\AppData\Local\GitHubDesktop\bin;C:\Users\fikar\AppData\Local\Android\Sdk\platform-tools;C:\Program Files\heroku\bin;C:\laragon\bin\php\php-8.2.11-nts-Win32-vs16-x64;C:\Program Files\Java\jdk1.8.0_341;C:\Program Files\JetBrains\IntelliJ IDEA Community Edition 2022.3.1\bin;C:\Users\fikar\go\bin;C:\Users\fikar\AppData\Local\spicetify;E:\ProgramFiles\JetBrains\JetBrainsIntelliJ IDEA Community Edition 2022.3.1\IntelliJ IDEA Community Edition 2022.3.1\bin;;C:\Users\fikar\flutter\bin;C:\Users\fikar\AppData\Roaming\npm
USERNAME=fikar
LANG=en_US.UTF-8
OS=Windows_NT
PROCESSOR_IDENTIFIER=AMD64 Family 23 Model 96 Stepping 1, AuthenticAMD



---------------  S Y S T E M  ---------------

OS:
 Windows 10 , 64 bit Build 22621 (10.0.22621.3527)
OS uptime: 3 days 3:08 hours

CPU: total 6 (initial active 6) (6 cores per cpu, 1 threads per core) family 23 model 96 stepping 1 microcode 0x0, cx8, cmov, fxsr, mmx, 3dnowpref, sse, sse2, sse3, ssse3, sse4a, sse4.1, sse4.2, popcnt, lzcnt, tsc, tscinvbit, avx, avx2, aes, clmul, bmi1, bmi2, adx, sha, fma, vzeroupper, clflush, clflushopt

Memory: 4k page, system-wide physical 10102M (985M free)
TotalPageFile size 25462M (AvailPageFile size 20M)
current process WorkingSet (physical memory assigned to process): 10M, peak: 10M
current process commit charge ("private bytes"): 56M, peak: 213M

vm_info: Java HotSpot(TM) 64-Bit Server VM (16.0.2+7-67) for windows-amd64 JRE (16.0.2+7-67), built on Jun  8 2021 23:24:19 by "mach5one" with MS VC++ 16.7 (VS2019)

END.
